"2020-12-10 19:44:23 [main] INFO  by.nevar.theatre.TheatreApplication - Starting TheatreApplication on DESKTOP-QCIHU10 with PID 17308 (C:\Users\Julia\Documents\учеба\5 сем\СТП\JavaSpringProject\target\classes started by Julia in C:\Users\Julia\Documents\учеба\5 сем\СТП\JavaSpringProject)
""2020-12-10 19:44:23 [main] INFO  by.nevar.theatre.TheatreApplication - No active profile set, falling back to default profiles: default
""2020-12-10 19:44:25 [main] INFO  o.s.d.r.c.RepositoryConfigurationDelegate - Bootstrapping Spring Data JPA repositories in DEFERRED mode.
""2020-12-10 19:44:25 [main] INFO  o.s.d.r.c.RepositoryConfigurationDelegate - Finished Spring Data repository scanning in 52ms. Found 1 JPA repository interfaces.
""2020-12-10 19:44:25 [main] INFO  o.s.b.w.e.tomcat.TomcatWebServer - Tomcat initialized with port(s): 8080 (http)
""2020-12-10 19:44:25 [main] INFO  o.a.catalina.core.StandardService - Starting service [Tomcat]
""2020-12-10 19:44:25 [main] INFO  o.a.catalina.core.StandardEngine - Starting Servlet engine: [Apache Tomcat/9.0.38]
""2020-12-10 19:44:26 [main] INFO  o.a.c.c.C.[Tomcat].[localhost].[/] - Initializing Spring embedded WebApplicationContext
""2020-12-10 19:44:26 [main] INFO  o.s.b.w.s.c.ServletWebServerApplicationContext - Root WebApplicationContext: initialization completed in 2299 ms
""2020-12-10 19:44:26 [main] INFO  o.s.s.c.ThreadPoolTaskExecutor - Initializing ExecutorService 'applicationTaskExecutor'
""2020-12-10 19:44:26 [main] INFO  com.zaxxer.hikari.HikariDataSource - HikariPool-1 - Starting...
""2020-12-10 19:44:27 [main] INFO  com.zaxxer.hikari.HikariDataSource - HikariPool-1 - Start completed.
""2020-12-10 19:44:27 [task-1] INFO  o.h.jpa.internal.util.LogHelper - HHH000204: Processing PersistenceUnitInfo [name: default]
""2020-12-10 19:44:27 [main] WARN  o.t.templatemode.TemplateMode - [THYMELEAF][main] Template Mode 'HTML5' is deprecated. Using Template Mode 'HTML' instead.
""2020-12-10 19:44:27 [task-1] INFO  org.hibernate.Version - HHH000412: Hibernate ORM core version 5.4.21.Final
""2020-12-10 19:44:27 [main] WARN  o.s.b.a.o.j.JpaBaseConfiguration$JpaWebConfiguration - spring.jpa.open-in-view is enabled by default. Therefore, database queries may be performed during view rendering. Explicitly configure spring.jpa.open-in-view to disable this warning
""2020-12-10 19:44:28 [task-1] INFO  o.h.annotations.common.Version - HCANN000001: Hibernate Commons Annotations {5.1.0.Final}
""2020-12-10 19:44:28 [main] INFO  o.s.b.a.w.s.WelcomePageHandlerMapping - Adding welcome page template: index
""2020-12-10 19:44:28 [task-1] INFO  org.hibernate.dialect.Dialect - HHH000400: Using dialect: org.hibernate.dialect.MySQL8Dialect
""2020-12-10 19:44:28 [main] INFO  o.s.b.w.e.tomcat.TomcatWebServer - Tomcat started on port(s): 8080 (http) with context path ''
""2020-12-10 19:44:28 [main] INFO  o.s.d.r.c.DeferredRepositoryInitializationListener - Triggering deferred initialization of Spring Data repositories…
""2020-12-10 19:44:41 [task-1] INFO  o.h.e.t.j.p.i.JtaPlatformInitiator - HHH000490: Using JtaPlatform implementation: [org.hibernate.engine.transaction.jta.platform.internal.NoJtaPlatform]
""2020-12-10 19:44:41 [task-1] INFO  o.s.o.j.LocalContainerEntityManagerFactoryBean - Initialized JPA EntityManagerFactory for persistence unit 'default'
""2020-12-10 19:44:42 [main] INFO  o.s.d.r.c.DeferredRepositoryInitializationListener - Spring Data repositories initialized!
""2020-12-10 19:44:42 [main] INFO  by.nevar.theatre.TheatreApplication - Started TheatreApplication in 19.833 seconds (JVM running for 21.922)
""2020-12-10 20:26:26 [main] INFO  by.nevar.theatre.TheatreApplication - Starting TheatreApplication on DESKTOP-QCIHU10 with PID 15824 (C:\Users\Julia\Documents\учеба\5 сем\СТП\JavaSpringProject\target\classes started by Julia in C:\Users\Julia\Documents\учеба\5 сем\СТП\JavaSpringProject)
""2020-12-10 20:26:26 [main] INFO  by.nevar.theatre.TheatreApplication - No active profile set, falling back to default profiles: default
""2020-12-10 20:26:26 [main] INFO  o.s.d.r.c.RepositoryConfigurationDelegate - Bootstrapping Spring Data JPA repositories in DEFERRED mode.
""2020-12-10 20:26:26 [main] INFO  o.s.d.r.c.RepositoryConfigurationDelegate - Finished Spring Data repository scanning in 46ms. Found 5 JPA repository interfaces.
""2020-12-10 20:26:27 [main] INFO  o.s.b.w.e.tomcat.TomcatWebServer - Tomcat initialized with port(s): 8080 (http)
""2020-12-10 20:26:27 [main] INFO  o.a.catalina.core.StandardService - Starting service [Tomcat]
""2020-12-10 20:26:27 [main] INFO  o.a.catalina.core.StandardEngine - Starting Servlet engine: [Apache Tomcat/9.0.38]
""2020-12-10 20:26:27 [main] INFO  o.a.c.c.C.[Tomcat].[localhost].[/] - Initializing Spring embedded WebApplicationContext
""2020-12-10 20:26:27 [main] INFO  o.s.b.w.s.c.ServletWebServerApplicationContext - Root WebApplicationContext: initialization completed in 1081 ms
""2020-12-10 20:26:27 [main] INFO  o.s.s.c.ThreadPoolTaskExecutor - Initializing ExecutorService 'applicationTaskExecutor'
""2020-12-10 20:26:27 [main] INFO  com.zaxxer.hikari.HikariDataSource - HikariPool-1 - Starting...
""2020-12-10 20:26:27 [main] INFO  com.zaxxer.hikari.HikariDataSource - HikariPool-1 - Start completed.
""2020-12-10 20:26:27 [task-1] INFO  o.h.jpa.internal.util.LogHelper - HHH000204: Processing PersistenceUnitInfo [name: default]
""2020-12-10 20:26:27 [main] WARN  o.t.templatemode.TemplateMode - [THYMELEAF][main] Template Mode 'HTML5' is deprecated. Using Template Mode 'HTML' instead.
""2020-12-10 20:26:27 [task-1] INFO  org.hibernate.Version - HHH000412: Hibernate ORM core version 5.4.21.Final
""2020-12-10 20:26:27 [main] WARN  o.s.b.a.o.j.JpaBaseConfiguration$JpaWebConfiguration - spring.jpa.open-in-view is enabled by default. Therefore, database queries may be performed during view rendering. Explicitly configure spring.jpa.open-in-view to disable this warning
""2020-12-10 20:26:27 [task-1] INFO  o.h.annotations.common.Version - HCANN000001: Hibernate Commons Annotations {5.1.0.Final}
""2020-12-10 20:26:27 [main] INFO  o.s.b.a.w.s.WelcomePageHandlerMapping - Adding welcome page template: index
""2020-12-10 20:26:27 [task-1] INFO  org.hibernate.dialect.Dialect - HHH000400: Using dialect: org.hibernate.dialect.MySQL8Dialect
""2020-12-10 20:26:27 [main] INFO  o.s.b.w.e.tomcat.TomcatWebServer - Tomcat started on port(s): 8080 (http) with context path ''
""2020-12-10 20:26:27 [main] INFO  o.s.d.r.c.DeferredRepositoryInitializationListener - Triggering deferred initialization of Spring Data repositories…
""2020-12-10 20:26:28 [task-1] INFO  o.h.e.t.j.p.i.JtaPlatformInitiator - HHH000490: Using JtaPlatform implementation: [org.hibernate.engine.transaction.jta.platform.internal.NoJtaPlatform]
""2020-12-10 20:26:28 [task-1] INFO  o.s.o.j.LocalContainerEntityManagerFactoryBean - Initialized JPA EntityManagerFactory for persistence unit 'default'
""2020-12-10 20:26:28 [main] INFO  o.s.d.r.c.DeferredRepositoryInitializationListener - Spring Data repositories initialized!
""2020-12-10 20:26:28 [main] INFO  by.nevar.theatre.TheatreApplication - Started TheatreApplication in 2.88 seconds (JVM running for 3.619)
"